
                   @@@@@@                          @@@    @@@
                     @@                             @@     @ 
                     @@                             @@@    @ 
                     @@           @@@       @@@     @ @@   @ 
                     @@         @@   @@   @@   @@   @ @@   @ 
                     @@        @@     @@ @@     @@  @  @@  @ 
                     @@        @@     @@ @@     @@  @   @@ @ 
                     @@        @@     @@ @@     @@  @   @@ @ 
                     @@      @ @@     @@ @@     @@  @    @@@ 
                     @@     @   @@   @@   @@   @@   @     @@ 
                   @@@@@@@@@@     @@@       @@@    @@@    @@ 

                           Local optimization on Nets

             Alliance CAD System 5.0 20090901, loon 5.0 [2003/12/07]
             Copyright (c) 2000-2017,                 ASIM/LIP6/UPMC
             Author(s):                              François Donnet
             E-mail        :             alliance-users@asim.lip6.fr

	MBK_IN_LO	: vst
	MBK_OUT_LO	: vst
	MBK_TARGET_LIB	: /usr/lib/alliance/cells/sxlib

Reading parameter file 'paramfile.lax'...
100% delay optimization
Reading file 'frame_decoder_o_mapped.vst'...
Controlling file 'paramfile.lax'...
Reading lib '/usr/lib/alliance/cells/sxlib'...
Capacitances on file 'frame_decoder_o_mapped.vst'...
Delays on file 'frame_decoder_o_mapped.vst'...2077 ps
Area on file 'frame_decoder_o_mapped.vst'...122250 lamda² (with over-cell routing)
Details...
	no2_x1: 22 (17%)
	inv_x2: 10 (6%)
	na2_x1: 9 (7%)
	sff1_x4: 9 (33%)
	an12_x1: 7 (7%)
	no3_x1: 5 (5%)
	a4_x2: 4 (5%)
	noa22_x1: 2 (2%)
	na3_x1: 2 (2%)
	a3_x2: 2 (2%)
	o2_x2: 2 (2%)
	ao22_x2: 1 (1%)
	no4_x1: 1 (1%)
	o4_x2: 1 (1%)
	on12_x1: 1 (1%)
	na4_x1: 1 (1%)
	oa22_x2: 1 (1%)
	a2_x2: 1 (1%)
	Total: 81
Worst RC on file 'frame_decoder_o_mapped.vst'...342 ps
Inserting buffers on critical path for file 'frame_decoder_o_looned.vst'...None inserted
Improving RC on critical path for file 'frame_decoder_o_looned.vst'...2039 ps
Improving all RC for file 'frame_decoder_o_looned.vst'...
Worst RC on file 'frame_decoder_o_looned.vst'...342 ps
Area on file 'frame_decoder_o_looned.vst'...124250 lamda² (with over-cell routing)
Details...
	no2_x1: 22 (17%)
	na2_x1: 9 (7%)
	sff1_x4: 9 (32%)
	inv_x2: 8 (4%)
	an12_x1: 7 (7%)
	no3_x1: 5 (5%)
	a4_x2: 4 (5%)
	noa22_x1: 2 (2%)
	na3_x1: 2 (2%)
	a3_x2: 2 (2%)
	inv_x8: 2 (2%)
	o2_x2: 2 (2%)
	ao22_x2: 1 (1%)
	no4_x1: 1 (1%)
	o4_x2: 1 (1%)
	on12_x1: 1 (1%)
	na4_x1: 1 (1%)
	oa22_x2: 1 (1%)
	a2_x2: 1 (1%)
	Total: 81
Critical path (no warranty)...2039 ps from 'frame_decoder_cs 3' to 'data 2'
Saving file 'frame_decoder_o_looned.vst'...
Saving critical path in xsch color file 'frame_decoder_o_looned.xsc'...
End of loon...

