
               @@@@ @                                                 
             @@    @@                                                 
            @@      @                                                 
           @@       @    @@@    @@@  @@@@    @@@@@@   @@@@    @@@ @@@ 
           @@          @@   @@   @@    @@   @@  @@   @@   @    @@@  @@
           @@         @@     @@  @@    @@   @   @@   @@   @@   @@   @@
           @@         @@     @@  @@    @@   @   @      @@@@@   @@     
           @@         @@     @@  @@    @@    @@@     @@   @@   @@     
            @@      @ @@     @@  @@    @@   @@      @@    @@   @@     
             @@    @@  @@   @@   @@   @@@   @@@@@@  @@   @@@   @@     
               @@@@      @@@      @@@@  @@ @@   @@@  @@@@  @@ @@@@    
                                            @     @                   
                                             @@@@@                    

                       Netlist extractor ... formerly Lynx

                  Alliance CAD System 5.0 20090901, cougar 1.21
                  Copyright (c) 1998-2017,       ASIM/LIP6/UPMC
                  Author(s):  Ludovic Jacomme and Gregoire Avot
                  Contributor(s):              Picault Stephane
                  E-mail        :   alliance-users@asim.lip6.fr

	---> Parse technological file /home/alliance/techno/techno-symb.rds

		  RDS_LAMBDA        = 4
		  RDS_UNIT          = 4
		  RDS_PHYSICAL_GRID = 2
		  MBK_SCALE_X       = 100

	---> Extract symbolic figure frame_decoder_final_output

		---> Translate Mbk -> Rds

		---> Build windows
		<--- 156

		---> Rectangles    : 3158
		---> Figure size   : (   -100,   -100 )
		                     (  38100,  35100 )

		---> Cut transistors
		<--- 0
		---> Build equis
		<--- 100
		---> Delete windows
		---> Build signals
		<--- 100
		---> Build instances
		<--- 125
		---> Build transistors
		<--- 0
		---> Save netlist

	<--- done !

	---> Total extracted capacitance
	<--- 0.0pF
