
                       @@@@@@      @@@@    @@@ @@@@   @@@@
                         @@         @@      @   @@     @  
                         @@         @@      @    @@   @   
                         @@          @@    @      @@ @    
                         @@          @@    @       @@     
                         @@           @@  @        @@     
                         @@           @@  @        @@@    
                         @@            @@@        @  @@   
                         @@      @     @@@       @    @@  
                         @@     @       @       @      @@ 
                       @@@@@@@@@@       @      @@@    @@@@

                             Gate Netlist Comparator

                   Alliance CAD System 5.0 20090901,   lvx 1.4
                   Copyright (c) 1992-2017,     ASIM/LIP6/UPMC
                   E-mail        : alliance-users@asim.lip6.fr



***** Loading and flattening chip (vst)...

***** Loading and flattening cougar_out_chip (al)...


***** Compare Terminals .................
***** O.K.	(0 sec)

***** Compare Instances ...........
***** O.K.	(0 sec)

***** Compare Connections ....................
***** O.K.	(0 sec)

===== Terminals .......... 30    
===== Instances .......... 114   
===== Connectors ......... 697   


***** Netlists are Identical. *****	(0 sec)

