
                                      @@@@           
                                     @   @@          
                                    @@    @@         
                            @@@@@@  @@@   @@ @@@ @@@ 
                           @@    @   @   @@   @@@  @@
                           @@@           @    @@   @@
                            @@@@        @     @@     
                              @@@@     @      @@     
                           @    @@@   @    @  @@     
                           @@    @@  @@@@@@   @@     
                           @ @@@@@  @@@@@@@  @@@@    

                        Symbolic to Real layout converter

                   Alliance CAD System 5.0 20090901,   s2r 5.0
                   Copyright (c) 2002-2017,     ASIM/LIP6/UPMC
                   E-mail        : alliance-users@asim.lip6.fr


	o loading technology file : /home/alliance/techno/techno-035.rds
	o loading all level of symbolic layout : chip_layout
	o removing symbolic data structure 
	o layout post-treating
 		with top connectors,
 		with sub connectors,
 		with signal names,
 		without scotch.
	--> post-treating model sff2_x4
	    rectangle merging : 
	    . RDS_NWELL .................................
	    . RDS_PWELL .................................
	    . RDS_NIMP .................................
	    . RDS_PIMP .................................
	    . RDS_ACTIV .................................
	    . RDS_POLY .................................
	    . RDS_ALU1 .................................
	--> post-treating model no2_x1
	    rectangle merging : 
	    . RDS_NWELL .................................
	    . RDS_PWELL .................................
	    . RDS_NIMP .................................
	    . RDS_PIMP .................................
	    . RDS_ACTIV .................................
	    . RDS_POLY .................................
	    . RDS_ALU1 .................................
	--> post-treating model na2_x1
	    rectangle merging : 
	    . RDS_NWELL .................................
	    . RDS_PWELL .................................
	    . RDS_NIMP .................................
	    . RDS_PIMP .................................
	    . RDS_ACTIV .................................
	    . RDS_POLY .................................
	    . RDS_ALU1 .................................
	--> post-treating model noa22_x1
	    rectangle merging : 
	    . RDS_NWELL .................................
	    . RDS_PWELL .................................
	    . RDS_NIMP .................................
	    . RDS_PIMP .................................
	    . RDS_ACTIV .................................
	    . RDS_POLY .................................
	    . RDS_ALU1 .................................
	--> post-treating model no3_x1
	    rectangle merging : 
	    . RDS_NWELL .................................
	    . RDS_PWELL .................................
	    . RDS_NIMP .................................
	    . RDS_PIMP .................................
	    . RDS_ACTIV .................................
	    . RDS_POLY .................................
	    . RDS_ALU1 .................................
	--> post-treating model o3_x2
	    rectangle merging : 
	    . RDS_NWELL .................................
	    . RDS_PWELL .................................
	    . RDS_NIMP .................................
	    . RDS_PIMP .................................
	    . RDS_ACTIV .................................
	    . RDS_POLY .................................
	    . RDS_ALU1 .................................
	--> post-treating model buf_x2
	    rectangle merging : 
	    . RDS_NWELL .................................
	    . RDS_PWELL .................................
	    . RDS_NIMP .................................
	    . RDS_PIMP .................................
	    . RDS_ACTIV .................................
	    . RDS_POLY .................................
	    . RDS_ALU1 .................................
	--> post-treating model inv_x2
	    rectangle merging : 
	    . RDS_NWELL .................................
	    . RDS_PWELL .................................
	    . RDS_NIMP .................................
	    . RDS_PIMP .................................
	    . RDS_ACTIV .................................
	    . RDS_POLY .................................
	    . RDS_ALU1 .................................
	--> post-treating model on12_x1
	    rectangle merging : 
	    . RDS_NWELL .................................
	    . RDS_PWELL .................................
	    . RDS_NIMP .................................
	    . RDS_PIMP .................................
	    . RDS_ACTIV .................................
	    . RDS_POLY .................................
	    . RDS_ALU1 .................................
	--> post-treating model na3_x1
	    rectangle merging : 
	    . RDS_NWELL .................................
	    . RDS_PWELL .................................
	    . RDS_NIMP .................................
	    . RDS_PIMP .................................
	    . RDS_ACTIV .................................
	    . RDS_POLY .................................
	    . RDS_ALU1 .................................
	--> post-treating model oa22_x2
	    rectangle merging : 
	    . RDS_NWELL .................................
	    . RDS_PWELL .................................
	    . RDS_NIMP .................................
	    . RDS_PIMP .................................
	    . RDS_ACTIV .................................
	    . RDS_POLY .................................
	    . RDS_ALU1 .................................
	--> post-treating model no4_x1
	    rectangle merging : 
	    . RDS_NWELL .................................
	    . RDS_PWELL .................................
	    . RDS_NIMP .................................
	    . RDS_PIMP .................................
	    . RDS_ACTIV .................................
	    . RDS_POLY .................................
	    . RDS_ALU1 .................................
	--> post-treating model a2_x2
	    rectangle merging : 
	    . RDS_NWELL .................................
	    . RDS_PWELL .................................
	    . RDS_NIMP .................................
	    . RDS_PIMP .................................
	    . RDS_ACTIV .................................
	    . RDS_POLY .................................
	    . RDS_ALU1 .................................
	--> post-treating model na4_x1
	    rectangle merging : 
	    . RDS_NWELL .................................
	    . RDS_PWELL .................................
	    . RDS_NIMP .................................
	    . RDS_PIMP .................................
	    . RDS_ACTIV .................................
	    . RDS_POLY .................................
	    . RDS_ALU1 .................................
	--> post-treating model a3_x2
	    rectangle merging : 
	    . RDS_NWELL .................................
	    . RDS_PWELL .................................
	    . RDS_NIMP .................................
	    . RDS_PIMP .................................
	    . RDS_ACTIV .................................
	    . RDS_POLY .................................
	    . RDS_ALU1 .................................
	--> post-treating model nao2o22_x1
	    rectangle merging : 
	    . RDS_NWELL .................................
	    . RDS_PWELL .................................
	    . RDS_NIMP .................................
	    . RDS_PIMP .................................
	    . RDS_ACTIV .................................
	    . RDS_POLY .................................
	    . RDS_ALU1 .................................
	--> post-treating model o2_x2
	    rectangle merging : 
	    . RDS_NWELL .................................
	    . RDS_PWELL .................................
	    . RDS_NIMP .................................
	    . RDS_PIMP .................................
	    . RDS_ACTIV .................................
	    . RDS_POLY .................................
	    . RDS_ALU1 .................................
	--> post-treating model nao22_x1
	    rectangle merging : 
	    . RDS_NWELL .................................
	    . RDS_PWELL .................................
	    . RDS_NIMP .................................
	    . RDS_PIMP .................................
	    . RDS_ACTIV .................................
	    . RDS_POLY .................................
	    . RDS_ALU1 .................................
	--> post-treating model an12_x1
	    rectangle merging : 
	    . RDS_NWELL .................................
	    . RDS_PWELL .................................
	    . RDS_NIMP .................................
	    . RDS_PIMP .................................
	    . RDS_ACTIV .................................
	    . RDS_POLY .................................
	    . RDS_ALU1 .................................
	--> post-treating model tie_x0
	    rectangle merging : 
	    . RDS_NWELL .................................
	    . RDS_PWELL .................................
	    . RDS_NIMP .................................
	    . RDS_PIMP .................................
	    . RDS_ACTIV .................................
	    . RDS_ALU1 .................................
	--> post-treating model rowend_x0
	    rectangle merging : 
	    . RDS_NWELL .................................
	    . RDS_ALU1 .................................
	--> post-treating model frame_decoder_final_output
	    ring flattenning  : 
	    . RDS_NWELL .................................
	    . RDS_NIMP .................................
	    . RDS_PIMP .................................
	    . RDS_ACTIV .................................
	    . RDS_POLY .................................
	    rectangle merging : 
	    . RDS_NWELL .................................
	    . RDS_NIMP .................................
	    . RDS_PIMP .................................
	    . RDS_ACTIV .................................
	    . RDS_POLY .................................
	    . RDS_ALU1 .................................
	    . RDS_ALU2 .................................
	    . RDS_ALU3 .................................
	--> post-treating model palo_sp
	    rectangle merging : 
	    . RDS_NWELL .................................
	    . RDS_PWELL .................................
	    . RDS_NIMP .................................
	    . RDS_PIMP .................................
	    . RDS_ACTIV .................................
	    . RDS_POLY .................................
	    . RDS_ALU1 .................................
	    . RDS_ALU2 .................................
	--> post-treating model po_sp
	    ring flattenning  : 
	    . RDS_NWELL .................................
	    . RDS_NIMP .................................
	    . RDS_PIMP .................................
	    . RDS_ACTIV .................................
	    . RDS_POLY .................................
	    rectangle merging : 
	    . RDS_NWELL .................................
	    . RDS_NIMP .................................
	    . RDS_PIMP .................................
	    . RDS_ACTIV .................................
	    . RDS_POLY .................................
	    . RDS_ALU1 .................................
	    . RDS_ALU2 .................................
	--> post-treating model palvddi_sp
	    rectangle merging : 
	    . RDS_ALU1 .................................
	    . RDS_ALU2 .................................
	--> post-treating model pvddi_sp
	    ring flattenning  : 
	    . RDS_NWELL .................................
	    . RDS_NIMP .................................
	    . RDS_PIMP .................................
	    . RDS_ACTIV .................................
	    . RDS_POLY .................................
	    rectangle merging : 
	    . RDS_ALU1 .................................
	    . RDS_ALU2 .................................
	--> post-treating model palvssick_sp
	    rectangle merging : 
	    . RDS_NWELL .................................
	    . RDS_PWELL .................................
	    . RDS_NIMP .................................
	    . RDS_PIMP .................................
	    . RDS_ACTIV .................................
	    . RDS_POLY .................................
	    . RDS_ALU1 .................................
	    . RDS_ALU2 .................................
	--> post-treating model pvssick_sp
	    ring flattenning  : 
	    . RDS_NWELL .................................
	    . RDS_NIMP .................................
	    . RDS_PIMP .................................
	    . RDS_ACTIV .................................
	    . RDS_POLY .................................
	    rectangle merging : 
	    . RDS_NWELL .................................
	    . RDS_NIMP .................................
	    . RDS_PIMP .................................
	    . RDS_ACTIV .................................
	    . RDS_POLY .................................
	    . RDS_ALU1 .................................
	    . RDS_ALU2 .................................
	--> post-treating model pali_sp
	    rectangle merging : 
	    . RDS_NWELL .................................
	    . RDS_PWELL .................................
	    . RDS_NIMP .................................
	    . RDS_PIMP .................................
	    . RDS_ACTIV .................................
	    . RDS_POLY .................................
	    . RDS_ALU1 .................................
	    . RDS_ALU2 .................................
	--> post-treating model pi_sp
	    ring flattenning  : 
	    . RDS_NWELL .................................
	    . RDS_NIMP .................................
	    . RDS_PIMP .................................
	    . RDS_ACTIV .................................
	    . RDS_POLY .................................
	    rectangle merging : 
	    . RDS_NWELL .................................
	    . RDS_NIMP .................................
	    . RDS_PIMP .................................
	    . RDS_ACTIV .................................
	    . RDS_POLY .................................
	    . RDS_ALU1 .................................
	    . RDS_ALU2 .................................
	--> post-treating model palvdde_sp
	    rectangle merging : 
	    . RDS_ALU1 .................................
	    . RDS_ALU2 .................................
	--> post-treating model pvdde_sp
	    ring flattenning  : 
	    . RDS_NWELL .................................
	    . RDS_NIMP .................................
	    . RDS_PIMP .................................
	    . RDS_ACTIV .................................
	    . RDS_POLY .................................
	    rectangle merging : 
	    . RDS_ALU1 .................................
	    . RDS_ALU2 .................................
	--> post-treating model palvsse_sp
	    rectangle merging : 
	    . RDS_ALU1 .................................
	    . RDS_ALU2 .................................
	--> post-treating model pvsse_sp
	    ring flattenning  : 
	    . RDS_NWELL .................................
	    . RDS_NIMP .................................
	    . RDS_PIMP .................................
	    . RDS_ACTIV .................................
	    . RDS_POLY .................................
	    rectangle merging : 
	    . RDS_ALU1 .................................
	    . RDS_ALU2 .................................
	--> post-treating model palck_sp
	    rectangle merging : 
	    . RDS_NWELL .................................
	    . RDS_PWELL .................................
	    . RDS_NIMP .................................
	    . RDS_PIMP .................................
	    . RDS_ACTIV .................................
	    . RDS_POLY .................................
	    . RDS_ALU1 .................................
	    . RDS_ALU2 .................................
	--> post-treating model pck_sp
	    ring flattenning  : 
	    . RDS_NWELL .................................
	    . RDS_NIMP .................................
	    . RDS_PIMP .................................
	    . RDS_ACTIV .................................
	    . RDS_POLY .................................
	    rectangle merging : 
	    . RDS_NWELL .................................
	    . RDS_NIMP .................................
	    . RDS_PIMP .................................
	    . RDS_ACTIV .................................
	    . RDS_POLY .................................
	    . RDS_ALU1 .................................
	    . RDS_ALU2 .................................
	--> post-treating model chip_layout
	    ring flattenning  : 
	    . RDS_NWELL .................................
	    . RDS_NIMP .................................
	    . RDS_PIMP .................................
	    . RDS_ACTIV .................................
	    . RDS_POLY .................................
	    rectangle merging : 
	    . RDS_NWELL .................................
	    . RDS_NIMP .................................
	    . RDS_PIMP .................................
	    . RDS_ACTIV .................................
	    . RDS_POLY .................................
	    . RDS_ALU1 .................................
	    . RDS_ALU2 .................................
	o saving chip_layout.cif
	o memory allocation informations
	--> required rectangles = 5809  really allocated = 7
	--> Number of allocated bytes: 806224
