
                   @@@@@@                          @@@    @@@
                     @@                             @@     @ 
                     @@                             @@@    @ 
                     @@           @@@       @@@     @ @@   @ 
                     @@         @@   @@   @@   @@   @ @@   @ 
                     @@        @@     @@ @@     @@  @  @@  @ 
                     @@        @@     @@ @@     @@  @   @@ @ 
                     @@        @@     @@ @@     @@  @   @@ @ 
                     @@      @ @@     @@ @@     @@  @    @@@ 
                     @@     @   @@   @@   @@   @@   @     @@ 
                   @@@@@@@@@@     @@@       @@@    @@@    @@ 

                           Local optimization on Nets

             Alliance CAD System 5.0 20090901, loon 5.0 [2003/12/07]
             Copyright (c) 2000-2017,                 ASIM/LIP6/UPMC
             Author(s):                              François Donnet
             E-mail        :             alliance-users@asim.lip6.fr

	MBK_IN_LO	: vst
	MBK_OUT_LO	: vst
	MBK_TARGET_LIB	: /usr/lib/alliance/cells/sxlib

Reading parameter file 'paramfile.lax'...
100% delay optimization
Reading file 'frame_decoder_r_mapped.vst'...
Controlling file 'paramfile.lax'...
Reading lib '/usr/lib/alliance/cells/sxlib'...
Capacitances on file 'frame_decoder_r_mapped.vst'...
Delays on file 'frame_decoder_r_mapped.vst'...2967 ps
Area on file 'frame_decoder_r_mapped.vst'...143000 lamda² (with over-cell routing)
Details...
	no2_x1: 25 (17%)
	na2_x1: 17 (11%)
	inv_x2: 13 (6%)
	no4_x1: 6 (6%)
	a2_x2: 5 (4%)
	no3_x1: 4 (3%)
	na4_x1: 4 (4%)
	na3_x1: 4 (3%)
	oa22_x2: 4 (4%)
	sff1_x4: 4 (12%)
	oa2a22_x2: 3 (4%)
	ao22_x2: 2 (2%)
	o2_x2: 2 (1%)
	a4_x2: 2 (2%)
	a3_x2: 2 (2%)
	nao22_x1: 2 (2%)
	o3_x2: 1 (1%)
	nxr2_x1: 1 (1%)
	noa2ao222_x1: 1 (1%)
	on12_x1: 1 (0%)
	xr2_x1: 1 (1%)
	noa2a22_x1: 1 (1%)
	an12_x1: 1 (0%)
	ao2o22_x2: 1 (1%)
	Total: 107
Worst RC on file 'frame_decoder_r_mapped.vst'...416 ps
Inserting buffers on critical path for file 'frame_decoder_r_looned.vst'...3 buffers inserted -> 2826 ps
Improving RC on critical path for file 'frame_decoder_r_looned.vst'...2747 ps
Improving all RC for file 'frame_decoder_r_looned.vst'...
Worst RC on file 'frame_decoder_r_looned.vst'...416 ps
Area on file 'frame_decoder_r_looned.vst'...146250 lamda² (with over-cell routing)
Details...
	no2_x1: 25 (17%)
	na2_x1: 17 (11%)
	inv_x2: 12 (6%)
	no4_x1: 6 (6%)
	a2_x2: 5 (4%)
	no3_x1: 4 (3%)
	na4_x1: 4 (4%)
	na3_x1: 4 (3%)
	oa22_x2: 4 (4%)
	sff1_x4: 4 (12%)
	buf_x2: 3 (2%)
	oa2a22_x2: 3 (4%)
	ao22_x2: 2 (2%)
	o2_x2: 2 (1%)
	a4_x2: 2 (2%)
	a3_x2: 2 (2%)
	nao22_x1: 2 (2%)
	o3_x2: 1 (1%)
	nxr2_x1: 1 (1%)
	noa2ao222_x1: 1 (1%)
	on12_x1: 1 (0%)
	xr2_x1: 1 (1%)
	inv_x4: 1 (0%)
	noa2a22_x1: 1 (1%)
	an12_x1: 1 (0%)
	ao2o22_x2: 1 (1%)
	Total: 110
Critical path (no warranty)...2747 ps from 'frame_decoder_cs 2' to 'err'
Saving file 'frame_decoder_r_looned.vst'...
Saving critical path in xsch color file 'frame_decoder_r_looned.xsc'...
End of loon...

