
                   @@@@@@                          @@@    @@@
                     @@                             @@     @ 
                     @@                             @@@    @ 
                     @@           @@@       @@@     @ @@   @ 
                     @@         @@   @@   @@   @@   @ @@   @ 
                     @@        @@     @@ @@     @@  @  @@  @ 
                     @@        @@     @@ @@     @@  @   @@ @ 
                     @@        @@     @@ @@     @@  @   @@ @ 
                     @@      @ @@     @@ @@     @@  @    @@@ 
                     @@     @   @@   @@   @@   @@   @     @@ 
                   @@@@@@@@@@     @@@       @@@    @@@    @@ 

                           Local optimization on Nets

             Alliance CAD System 5.0 20090901, loon 5.0 [2003/12/07]
             Copyright (c) 2000-2017,                 ASIM/LIP6/UPMC
             Author(s):                              François Donnet
             E-mail        :             alliance-users@asim.lip6.fr

	MBK_IN_LO	: vst
	MBK_OUT_LO	: vst
	MBK_TARGET_LIB	: /usr/lib/alliance/cells/sxlib

Reading parameter file 'paramfile.lax'...
100% delay optimization
Reading file 'frame_decoder_m_mapped.vst'...
Controlling file 'paramfile.lax'...
Reading lib '/usr/lib/alliance/cells/sxlib'...
Capacitances on file 'frame_decoder_m_mapped.vst'...
Delays on file 'frame_decoder_m_mapped.vst'...2229 ps
Area on file 'frame_decoder_m_mapped.vst'...109750 lamda² (with over-cell routing)
Details...
	no2_x1: 18 (16%)
	inv_x2: 13 (8%)
	no3_x1: 12 (13%)
	na2_x1: 6 (5%)
	a2_x2: 5 (5%)
	na3_x1: 4 (4%)
	sff1_x4: 4 (16%)
	noa22_x1: 3 (4%)
	nao22_x1: 3 (4%)
	na4_x1: 2 (2%)
	o3_x2: 2 (2%)
	on12_x1: 2 (2%)
	ao22_x2: 2 (2%)
	oa2a22_x2: 1 (2%)
	o4_x2: 1 (1%)
	no4_x1: 1 (1%)
	o2_x2: 1 (1%)
	nxr2_x1: 1 (2%)
	xr2_x1: 1 (2%)
	Total: 82
Worst RC on file 'frame_decoder_m_mapped.vst'...416 ps
Inserting buffers on critical path for file 'frame_decoder_m_looned.vst'...None inserted
Improving RC on critical path for file 'frame_decoder_m_looned.vst'...2220 ps
Improving all RC for file 'frame_decoder_m_looned.vst'...
Worst RC on file 'frame_decoder_m_looned.vst'...416 ps
Area on file 'frame_decoder_m_looned.vst'...110500 lamda² (with over-cell routing)
Details...
	no2_x1: 18 (16%)
	inv_x2: 13 (8%)
	no3_x1: 12 (13%)
	na2_x1: 6 (5%)
	a2_x2: 5 (5%)
	na3_x1: 4 (4%)
	sff1_x4: 4 (16%)
	noa22_x1: 3 (4%)
	nao22_x1: 3 (4%)
	na4_x1: 2 (2%)
	o3_x2: 2 (2%)
	ao22_x2: 2 (2%)
	oa2a22_x2: 1 (2%)
	o4_x2: 1 (1%)
	on12_x1: 1 (1%)
	no4_x1: 1 (1%)
	o2_x2: 1 (1%)
	on12_x4: 1 (1%)
	nxr2_x1: 1 (2%)
	xr2_x1: 1 (2%)
	Total: 82
Critical path (no warranty)...2220 ps from 'frame_decoder_cs 1' to 'data 1'
Saving file 'frame_decoder_m_looned.vst'...
Saving critical path in xsch color file 'frame_decoder_m_looned.xsc'...
End of loon...

