
                   @@@@@@                          @@@    @@@
                     @@                             @@     @ 
                     @@                             @@@    @ 
                     @@           @@@       @@@     @ @@   @ 
                     @@         @@   @@   @@   @@   @ @@   @ 
                     @@        @@     @@ @@     @@  @  @@  @ 
                     @@        @@     @@ @@     @@  @   @@ @ 
                     @@        @@     @@ @@     @@  @   @@ @ 
                     @@      @ @@     @@ @@     @@  @    @@@ 
                     @@     @   @@   @@   @@   @@   @     @@ 
                   @@@@@@@@@@     @@@       @@@    @@@    @@ 

                           Local optimization on Nets

             Alliance CAD System 5.0 20090901, loon 5.0 [2003/12/07]
             Copyright (c) 2000-2017,                 ASIM/LIP6/UPMC
             Author(s):                              François Donnet
             E-mail        :             alliance-users@asim.lip6.fr

	MBK_IN_LO	: vst
	MBK_OUT_LO	: vst
	MBK_TARGET_LIB	: /usr/lib/alliance/cells/sxlib

Reading parameter file 'paramfile.lax'...
100% delay optimization
Reading file 'frame_decoder_a_mapped.vst'...
Controlling file 'paramfile.lax'...
Reading lib '/usr/lib/alliance/cells/sxlib'...
Capacitances on file 'frame_decoder_a_mapped.vst'...
Delays on file 'frame_decoder_a_mapped.vst'...2226 ps
Area on file 'frame_decoder_a_mapped.vst'...99000 lamda² (with over-cell routing)
Details...
	no2_x1: 15 (15%)
	inv_x2: 14 (10%)
	no3_x1: 11 (13%)
	na2_x1: 8 (8%)
	na3_x1: 6 (7%)
	no4_x1: 6 (9%)
	sff1_x4: 4 (18%)
	na4_x1: 4 (6%)
	oa22_x2: 3 (4%)
	o2_x2: 3 (3%)
	ao22_x2: 1 (1%)
	noa22_x1: 1 (1%)
	Total: 76
Worst RC on file 'frame_decoder_a_mapped.vst'...416 ps
Inserting buffers on critical path for file 'frame_decoder_a_looned.vst'...1 buffer inserted -> 2213 ps
Improving RC on critical path for file 'frame_decoder_a_looned.vst'...2213 ps
Improving all RC for file 'frame_decoder_a_looned.vst'...
Worst RC on file 'frame_decoder_a_looned.vst'...416 ps
Area on file 'frame_decoder_a_looned.vst'...100000 lamda² (with over-cell routing)
Details...
	no2_x1: 15 (15%)
	inv_x2: 14 (10%)
	no3_x1: 11 (13%)
	na2_x1: 8 (8%)
	na3_x1: 6 (7%)
	no4_x1: 6 (9%)
	sff1_x4: 4 (18%)
	na4_x1: 4 (6%)
	oa22_x2: 3 (4%)
	o2_x2: 3 (3%)
	buf_x2: 1 (1%)
	ao22_x2: 1 (1%)
	noa22_x1: 1 (1%)
	Total: 77
Critical path (no warranty)...2213 ps from 'frame_decoder_cs 1' to 'data 0'
Saving file 'frame_decoder_a_looned.vst'...
Saving critical path in xsch color file 'frame_decoder_a_looned.xsc'...
End of loon...

