
                          @@@@ @  @@@@   @@@@ @@@@@@@@@ 
                         @    @@   @@     @     @@    @ 
                        @@     @    @@   @      @@     @
                        @@@          @@ @       @@      
                         @@@@         @@        @@   @  
                           @@@@       @@        @@@@@@  
                             @@@      @@        @@   @  
                        @      @@     @@        @@      
                        @@     @@     @@        @@      
                        @@@    @      @@        @@      
                        @  @@@@     @@@@@@    @@@@@@    

                                 FSM Synthesizer

                  Alliance CAD System 5.0 20090901,     syf 5.0
                  Copyright (c) 1995-2017,       ASIM/LIP6/UPMC
                  Author(s): Ludovic Jacomme and Chaker Sarwary
                  E-mail        :   alliance-users@asim.lip6.fr

		--> Compile FSM file frame_decoder
		--> Check FSM figure outputs
		--> Simplify FSM figure
		--> Verify FSM figure
		--> Identify reset conditions

		--> Name    : frame_decoder
		--> States  : 9
		--> Inputs  : 11
		--> Outputs : 17
		--> Edges   : 13
		--> Stacks  : 0

		--> Encode FSM figure
		--> Asp encoding
		--> Save FSM codes
		--> Translate FSM to BEH
		--> Simplify BEH figure

		--> Literals : 255

		--> Save BEH file frame_decoder_a

